<?xml version="1.0" encoding="UTF-8"?>
<testng-results ignored="0" total="3" passed="3" failed="0" skipped="0">
  <reporter-output>
  </reporter-output>
  <suite started-at="2024-07-05T15:07:09 IST" name="Default suite" finished-at="2024-07-05T15:07:17 IST" duration-ms="8749">
    <groups>
    </groups>
    <test started-at="2024-07-05T15:07:09 IST" name="Default test" finished-at="2024-07-05T15:07:17 IST" duration-ms="8749">
      <class name="com.es.testcases.TC_ValidateMainElement_05">
        <test-method is-config="true" signature="setUp()[pri:0, instance:com.es.testcases.TC_ValidateMainElement_05@58cbafc2]" started-at="2024-07-05T15:07:09 IST" name="setUp" finished-at="2024-07-05T15:07:13 IST" duration-ms="4372" status="PASS">
          <reporter-output>
          </reporter-output>
        </test-method> <!-- setUp -->
        <test-method signature="test1()[pri:0, instance:com.es.testcases.TC_ValidateMainElement_05@58cbafc2]" started-at="2024-07-05T15:07:13 IST" name="test1" finished-at="2024-07-05T15:07:17 IST" duration-ms="4138" status="PASS">
          <reporter-output>
          </reporter-output>
        </test-method> <!-- test1 -->
        <test-method signature="test2()[pri:0, instance:com.es.testcases.TC_ValidateMainElement_05@58cbafc2]" started-at="2024-07-05T15:07:17 IST" name="test2" finished-at="2024-07-05T15:07:17 IST" duration-ms="151" status="PASS">
          <reporter-output>
          </reporter-output>
        </test-method> <!-- test2 -->
        <test-method signature="test3()[pri:0, instance:com.es.testcases.TC_ValidateMainElement_05@58cbafc2]" started-at="2024-07-05T15:07:17 IST" name="test3" finished-at="2024-07-05T15:07:17 IST" duration-ms="17" status="PASS">
          <reporter-output>
          </reporter-output>
        </test-method> <!-- test3 -->
        <test-method is-config="true" signature="tearDown()[pri:0, instance:com.es.testcases.TC_ValidateMainElement_05@58cbafc2]" started-at="2024-07-05T15:07:17 IST" name="tearDown" finished-at="2024-07-05T15:07:17 IST" duration-ms="1" status="PASS">
          <reporter-output>
          </reporter-output>
        </test-method> <!-- tearDown -->
      </class> <!-- com.es.testcases.TC_ValidateMainElement_05 -->
    </test> <!-- Default test -->
  </suite> <!-- Default suite -->
</testng-results>
